This is XeTeX, Version 3.14159265-2.6-0.999992 (MiKTeX 2.9.7300 64-bit) (preloaded format=xelatex 2020.11.11)  11 NOV 2020 15:42
entering extended mode
**c:/Users/dousa/Documents/skola/Druhák/Zapisky/MFFStudium/Year2_Semester1/KaG1/6_PocitaniDvemaZpusoby.tex
(c:/Users/dousa/Documents/skola/Druhák/Zapisky/MFFStudium/Year2_Semester1/KaG1/6_PocitaniDvemaZpusoby.tex
LaTeX2e <2020-10-01> patch level 2
L3 programming layer <2020-10-27> xparse <2020-03-03> (C:\Users\dousa\AppData\Local\Programs\MiKTeX\tex/latex/base\article.cls
Document Class: article 2020/04/10 v1.4m Standard LaTeX document class
(C:\Users\dousa\AppData\Local\Programs\MiKTeX\tex/latex/base\size10.clo
File: size10.clo 2020/04/10 v1.4m Standard LaTeX file (size option)
)
\c@part=\count171
\c@section=\count172
\c@subsection=\count173
\c@subsubsection=\count174
\c@paragraph=\count175
\c@subparagraph=\count176
\c@figure=\count177
\c@table=\count178
\abovecaptionskip=\skip47
\belowcaptionskip=\skip48
\bibindent=\dimen138
) (C:\Users\dousa\AppData\Local\Programs\MiKTeX\tex/latex/amsfonts\amssymb.sty
Package: amssymb 2013/01/14 v3.01 AMS font symbols
 (C:\Users\dousa\AppData\Local\Programs\MiKTeX\tex/latex/amsfonts\amsfonts.sty
Package: amsfonts 2013/01/14 v3.01 Basic AMSFonts support
\@emptytoks=\toks15
\symAMSa=\mathgroup4
\symAMSb=\mathgroup5
LaTeX Font Info:    Redeclaring math symbol \hbar on input line 98.
LaTeX Font Info:    Overwriting math alphabet `\mathfrak' in version `bold'
(Font)                  U/euf/m/n --> U/euf/b/n on input line 106.
)) (C:\Users\dousa\AppData\Local\Programs\MiKTeX\tex/latex/amsmath\amsmath.sty
Package: amsmath 2020/09/23 v2.17i AMS math features
\@mathmargin=\skip49

For additional information on amsmath, use the `?' option.
(C:\Users\dousa\AppData\Local\Programs\MiKTeX\tex/latex/amsmath\amstext.sty
Package: amstext 2000/06/29 v2.01 AMS text
 (C:\Users\dousa\AppData\Local\Programs\MiKTeX\tex/latex/amsmath\amsgen.sty
File: amsgen.sty 1999/11/30 v2.0 generic functions
\@emptytoks=\toks16
\ex@=\dimen139
)) (C:\Users\dousa\AppData\Local\Programs\MiKTeX\tex/latex/amsmath\amsbsy.sty
Package: amsbsy 1999/11/29 v1.2d Bold Symbols
\pmbraise@=\dimen140
) (C:\Users\dousa\AppData\Local\Programs\MiKTeX\tex/latex/amsmath\amsopn.sty
Package: amsopn 2016/03/08 v2.02 operator names
)
\inf@bad=\count179
LaTeX Info: Redefining \frac on input line 234.
\uproot@=\count180
\leftroot@=\count181
LaTeX Info: Redefining \overline on input line 399.
\classnum@=\count182
\DOTSCASE@=\count183
LaTeX Info: Redefining \ldots on input line 496.
LaTeX Info: Redefining \dots on input line 499.
LaTeX Info: Redefining \cdots on input line 620.
\Mathstrutbox@=\box47
\strutbox@=\box48
\big@size=\dimen141
LaTeX Font Info:    Redeclaring font encoding OML on input line 743.
LaTeX Font Info:    Redeclaring font encoding OMS on input line 744.
\macc@depth=\count184
\c@MaxMatrixCols=\count185
\dotsspace@=\muskip16
\c@parentequation=\count186
\dspbrk@lvl=\count187
\tag@help=\toks17
\row@=\count188
\column@=\count189
\maxfields@=\count190
\andhelp@=\toks18
\eqnshift@=\dimen142
\alignsep@=\dimen143
\tagshift@=\dimen144
\tagwidth@=\dimen145
\totwidth@=\dimen146
\lineht@=\dimen147
\@envbody=\toks19
\multlinegap=\skip50
\multlinetaggap=\skip51
\mathdisplay@stack=\toks20
LaTeX Info: Redefining \[ on input line 2923.
LaTeX Info: Redefining \] on input line 2924.
) (C:\Users\dousa\AppData\Local\Programs\MiKTeX\tex/latex/ae\ae.sty
Package: ae 2001/02/12 1.3 Almost European Computer Modern
 (C:\Users\dousa\AppData\Local\Programs\MiKTeX\tex/latex/base\fontenc.sty
Package: fontenc 2020/08/10 v2.0s Standard LaTeX package
LaTeX Font Info:    Trying to load font information for T1+lmr on input line 112.
 (C:\Users\dousa\AppData\Local\Programs\MiKTeX\tex/latex/lm\t1lmr.fd
File: t1lmr.fd 2009/10/30 v1.6 Font defs for Latin Modern
))) (C:\Users\dousa\AppData\Local\Programs\MiKTeX\tex/latex/geometry\geometry.sty
Package: geometry 2020/01/02 v5.9 Page Geometry
 (C:\Users\dousa\AppData\Local\Programs\MiKTeX\tex/latex/graphics\keyval.sty
Package: keyval 2014/10/28 v1.15 key=value parser (DPC)
\KV@toks@=\toks21
) (C:\Users\dousa\AppData\Local\Programs\MiKTeX\tex/generic/iftex\ifvtex.sty
Package: ifvtex 2019/10/25 v1.7 ifvtex legacy package. Use iftex instead.
 (C:\Users\dousa\AppData\Local\Programs\MiKTeX\tex/generic/iftex\iftex.sty
Package: iftex 2020/03/06 v1.0d TeX engine tests
))
\Gm@cnth=\count191
\Gm@cntv=\count192
\c@Gm@tempcnt=\count193
\Gm@bindingoffset=\dimen148
\Gm@wd@mp=\dimen149
\Gm@odd@mp=\dimen150
\Gm@even@mp=\dimen151
\Gm@layoutwidth=\dimen152
\Gm@layoutheight=\dimen153
\Gm@layouthoffset=\dimen154
\Gm@layoutvoffset=\dimen155
\Gm@dimlist=\toks22
 (C:\Users\dousa\AppData\Local\Programs\MiKTeX\tex/xelatex/xetexconfig\geometry.cfg))
LaTeX Font Info:    Trying to load font information for T1+aer on input line 8.
 (C:\Users\dousa\AppData\Local\Programs\MiKTeX\tex/latex/ae\t1aer.fd
File: t1aer.fd 1997/11/16 Font definitions for T1/aer.
) (C:\Users\dousa\AppData\Local\Programs\MiKTeX\tex/latex/l3backend\l3backend-xetex.def
File: l3backend-xetex.def 2020-09-24 L3 backend support: XeTeX
\g__graphics_track_int=\count194
\l__pdf_internal_box=\box49
\g__pdf_backend_object_int=\count195
\g__pdf_backend_annotation_int=\count196
) (c:/Users\dousa\Documents\skola\Druhák\Zapisky\MFFStudium\Year2_Semester1\KaG1\6_PocitaniDvemaZpusoby.aux)
\openout1 = `6_PocitaniDvemaZpusoby.aux'.

LaTeX Font Info:    Checking defaults for OML/cmm/m/it on input line 8.
LaTeX Font Info:    ... okay on input line 8.
LaTeX Font Info:    Checking defaults for OMS/cmsy/m/n on input line 8.
LaTeX Font Info:    ... okay on input line 8.
LaTeX Font Info:    Checking defaults for OT1/cmr/m/n on input line 8.
LaTeX Font Info:    ... okay on input line 8.
LaTeX Font Info:    Checking defaults for T1/cmr/m/n on input line 8.
LaTeX Font Info:    ... okay on input line 8.
LaTeX Font Info:    Checking defaults for TS1/cmr/m/n on input line 8.
LaTeX Font Info:    Trying to load font information for TS1+cmr on input line 8.
 (C:\Users\dousa\AppData\Local\Programs\MiKTeX\tex/latex/base\ts1cmr.fd
File: ts1cmr.fd 2019/12/16 v2.5j Standard LaTeX font definitions
)
LaTeX Font Info:    ... okay on input line 8.
LaTeX Font Info:    Checking defaults for TU/lmr/m/n on input line 8.
LaTeX Font Info:    ... okay on input line 8.
LaTeX Font Info:    Checking defaults for OMX/cmex/m/n on input line 8.
LaTeX Font Info:    ... okay on input line 8.
LaTeX Font Info:    Checking defaults for U/cmr/m/n on input line 8.
LaTeX Font Info:    ... okay on input line 8.

*geometry* detected driver: pdftex
*geometry* verbose mode - [ preamble ] result:
* driver: pdftex
* paper: <default>
* layout: <same size as paper>
* layoutoffset:(h,v)=(0.0pt,0.0pt)
* modes: 
* h-part:(L,W,R)=(72.26999pt, 469.75502pt, 72.26999pt)
* v-part:(T,H,B)=(72.26999pt, 650.43001pt, 72.26999pt)
* \paperwidth=614.295pt
* \paperheight=794.96999pt
* \textwidth=469.75502pt
* \textheight=650.43001pt
* \oddsidemargin=0.0pt
* \evensidemargin=0.0pt
* \topmargin=-37.0pt
* \headheight=12.0pt
* \headsep=25.0pt
* \topskip=10.0pt
* \footskip=30.0pt
* \marginparwidth=65.0pt
* \marginparsep=11.0pt
* \columnsep=10.0pt
* \skip\footins=9.0pt plus 4.0pt minus 2.0pt
* \hoffset=0.0pt
* \voffset=0.0pt
* \mag=1000
* \@twocolumnfalse
* \@twosidefalse
* \@mparswitchfalse
* \@reversemarginfalse
* (1in=72.27pt=25.4mm, 1cm=28.453pt)

Missing character: There is no č in font aer17!
Missing character: There is no ě in font aer17!
Missing character: There is no ů in font aer17!
LaTeX Font Info:    Trying to load font information for U+msa on input line 9.
(C:\Users\dousa\AppData\Local\Programs\MiKTeX\tex/latex/amsfonts\umsa.fd
File: umsa.fd 2013/01/14 v3.01 AMS symbols A
)
LaTeX Font Info:    Trying to load font information for U+msb on input line 9.
 (C:\Users\dousa\AppData\Local\Programs\MiKTeX\tex/latex/amsfonts\umsb.fd
File: umsb.fd 2013/01/14 v3.01 AMS symbols B
)
Missing character: There is no ě in font aer12!
Missing character: There is no Š in font aer12!
Missing character: There is no š in font aer12!
Missing character: There is no č in font aer10!
Missing character: There is no ě in font aer10!
Missing character: There is no č in font aer10!
Missing character: There is no ě in font aer10!
Missing character: There is no ů in font aer10!
Missing character: There is no č in font aer10!
Missing character: There is no č in font aer10!
Missing character: There is no ž in font aer10!
Missing character: There is no ě in font aeb10!
Missing character: There is no š in font aer10!
Missing character: There is no ů in font aeb10!
Missing character: There is no č in font aer10!
Missing character: There is no ě in font aer10!
Missing character: There is no ů in font aer10!
Missing character: There is no č in font aer10!
Missing character: There is no č in font aer10!
Missing character: There is no ž in font aer10!
Missing character: There is no č in font aer10!
Missing character: There is no ě in font aer10!
Missing character: There is no ů in font aer10!
Missing character: There is no ů in font aer10!
Missing character: There is no č in font cmmi10!
Missing character: There is no ň in font aer10!
Missing character: There is no ů in font aer10!
Missing character: There is no ž in font aer10!
Missing character: There is no ů in font aer10!
Missing character: There is no ž in font aer10!
Missing character: There is no ř in font aer10!
Missing character: There is no č in font aer10!
Missing character: There is no ů in font aer10!
Missing character: There is no ř in font aer10!
Missing character: There is no š in font aer10!
Missing character: There is no č in font aer10!
Missing character: There is no č in font aer10!
Missing character: There is no č in font cmmi10!
Missing character: There is no Š in font aer10!
Missing character: There is no ě in font aer10!
Missing character: There is no ž in font aer10!
Missing character: There is no š in font aer10!
Missing character: There is no ř in font aer10!
Missing character: There is no ž in font aer10!
Missing character: There is no č in font aer10!
Missing character: There is no ě in font aer10!
Missing character: There is no ř in font aer10!
Missing character: There is no ě in font aer10!
Missing character: There is no ž in font aer10!
Missing character: There is no ě in font aer10!
Missing character: There is no ž in font aer10!
Missing character: There is no ž in font aer10!
Missing character: There is no š in font aer10!
Missing character: There is no ž in font aer10!
Missing character: There is no ů in font aer10!
Missing character: There is no č in font aer10!
Missing character: There is no ě in font aer10!
Missing character: There is no š in font aer10!
Missing character: There is no ř in font aer10!
Missing character: There is no ě in font aer10!
Missing character: There is no ě in font aer10!
Missing character: There is no ů in font aer10!
Missing character: There is no č in font aer10!
Missing character: There is no Ř in font cmmi10!
Missing character: There is no Ř in font cmmi10!
Missing character: There is no ř in font aer10!
Missing character: There is no ě in font aer10!
Missing character: There is no Ř in font cmmi10!
Missing character: There is no Ř in font cmmi10!
Missing character: There is no ž in font aer10!
Missing character: There is no Ř in font aer10!
Missing character: There is no š in font aer10!
Missing character: There is no Ř in font aer10!
Missing character: There is no ě in font aer10!
Missing character: There is no ů in font aer10!
Missing character: There is no ě in font aer10!
Missing character: There is no ů in font aer10!
Missing character: There is no ř in font aer10!
Missing character: There is no ů in font aer10!
Missing character: There is no ž in font aer10!
Missing character: There is no ž in font aer10!
Missing character: There is no š in font aer10!
Missing character: There is no ř in font aer10!
Missing character: There is no ě in font aer10!
Missing character: There is no Ř in font aer10!

Underfull \hbox (badness 10000) in paragraph at lines 10--43

 []


Underfull \hbox (badness 10000) in paragraph at lines 10--43

 []


Underfull \hbox (badness 10000) in paragraph at lines 10--43

 []

Missing character: There is no Ř in font cmmi10!
Missing character: There is no é in font cmmi10!
Missing character: There is no Ř in font cmmi10!

Underfull \hbox (badness 10000) in paragraph at lines 43--44

 []

Missing character: There is no ě in font aer10!
Missing character: There is no ž in font aer10!
Missing character: There is no č in font aer10!
Missing character: There is no č in font aer10!
Missing character: There is no ř in font aer10!

Underfull \hbox (badness 10000) in paragraph at lines 46--49

 []

[1

]
Missing character: There is no ů in font aer10!
Missing character: There is no ů in font aer10!
Missing character: There is no ž in font aer10!
Missing character: There is no ř in font aer10!
Missing character: There is no š in font aer10!
Missing character: There is no š in font aer10!
Missing character: There is no ě in font aer10!
Missing character: There is no č in font aer10!
Missing character: There is no Ř in font aer10!
Missing character: There is no ě in font aer10!
Missing character: There is no ž in font aer10!
Missing character: There is no ř in font aer10!
Missing character: There is no ý in font cmmi10!
Missing character: There is no ř in font cmmi10!
Missing character: There is no š in font aer10!
Missing character: There is no č in font aer10!
Missing character: There is no ů in font aer10!
Missing character: There is no ž in font aer10!
Missing character: There is no ě in font aer10!
Missing character: There is no ě in font aer10!
Missing character: There is no ě in font aer10!
Missing character: There is no ů in font aer10!
Missing character: There is no ě in font aer10!
Missing character: There is no ě in font aer10!
Missing character: There is no ř in font aer10!
Missing character: There is no ř in font aer10!
Missing character: There is no ů in font aer10!
Missing character: There is no ř in font aer10!
Missing character: There is no ů in font aer10!
 [2] (c:/Users\dousa\Documents\skola\Druhák\Zapisky\MFFStudium\Year2_Semester1\KaG1\6_PocitaniDvemaZpusoby.aux) ) 
Here is how much of TeX's memory you used:
 2428 strings out of 412236
 32365 string characters out of 2851077
 323503 words of memory out of 3000000
 21911 multiletter control sequences out of 15000+200000
 550433 words of font info for 61 fonts, out of 3000000 for 9000
 1348 hyphenation exceptions out of 8191
 66i,8n,72p,352b,216s stack positions out of 5000i,500n,10000p,200000b,50000s

Output written on c:/Users\dousa\Documents\skola\Druhák\Zapisky\MFFStudium\Year2_Semester1\KaG1\6_PocitaniDvemaZpusoby.xdv (2 pages, 6772 bytes).
